This is pdfTeX, Version 3.14159265-2.6-1.40.21 (TeX Live 2020/W32TeX) (preloaded format=pdflatex 2021.3.30)  7 JUN 2021 09:43
entering extended mode
 restricted \write18 enabled.
 %&-line parsing enabled.
**Dpan.tex
(./Dpan.tex
LaTeX2e <2020-02-02> patch level 5
L3 programming layer <2020-03-06> (./IEEEtran.cls
Document Class: IEEEtran 2015/08/26 V1.8b by Michael Shell
-- See the "IEEEtran_HOWTO" manual for usage information.
-- http://www.michaelshell.org/tex/ieeetran/
\@IEEEtrantmpdimenA=\dimen134
\@IEEEtrantmpdimenB=\dimen135
\@IEEEtrantmpdimenC=\dimen136
\@IEEEtrantmpcountA=\count167
\@IEEEtrantmpcountB=\count168
\@IEEEtrantmpcountC=\count169
\@IEEEtrantmptoksA=\toks15
LaTeX Font Info:    Trying to load font information for OT1+ptm on input line 5
03.
(d:/PaperWritingTools/texlive/2020/texmf-dist/tex/latex/psnfss/ot1ptm.fd
File: ot1ptm.fd 2001/06/04 font definitions for OT1/ptm.
)
-- Using 8.5in x 11in (letter) paper.
-- Using PDF output.
\@IEEEnormalsizeunitybaselineskip=\dimen137
-- This is a 10 point document.
\CLASSINFOnormalsizebaselineskip=\dimen138
\CLASSINFOnormalsizeunitybaselineskip=\dimen139
\IEEEnormaljot=\dimen140
LaTeX Font Info:    Font shape `OT1/ptm/bx/n' in size <5> not available
(Font)              Font shape `OT1/ptm/b/n' tried instead on input line 1090.
LaTeX Font Info:    Font shape `OT1/ptm/bx/it' in size <5> not available
(Font)              Font shape `OT1/ptm/b/it' tried instead on input line 1090.

LaTeX Font Info:    Font shape `OT1/ptm/bx/n' in size <7> not available
(Font)              Font shape `OT1/ptm/b/n' tried instead on input line 1090.
LaTeX Font Info:    Font shape `OT1/ptm/bx/it' in size <7> not available
(Font)              Font shape `OT1/ptm/b/it' tried instead on input line 1090.

LaTeX Font Info:    Font shape `OT1/ptm/bx/n' in size <8> not available
(Font)              Font shape `OT1/ptm/b/n' tried instead on input line 1090.
LaTeX Font Info:    Font shape `OT1/ptm/bx/it' in size <8> not available
(Font)              Font shape `OT1/ptm/b/it' tried instead on input line 1090.

LaTeX Font Info:    Font shape `OT1/ptm/bx/n' in size <9> not available
(Font)              Font shape `OT1/ptm/b/n' tried instead on input line 1090.
LaTeX Font Info:    Font shape `OT1/ptm/bx/it' in size <9> not available
(Font)              Font shape `OT1/ptm/b/it' tried instead on input line 1090.

LaTeX Font Info:    Font shape `OT1/ptm/bx/n' in size <10> not available
(Font)              Font shape `OT1/ptm/b/n' tried instead on input line 1090.
LaTeX Font Info:    Font shape `OT1/ptm/bx/it' in size <10> not available
(Font)              Font shape `OT1/ptm/b/it' tried instead on input line 1090.

LaTeX Font Info:    Font shape `OT1/ptm/bx/n' in size <11> not available
(Font)              Font shape `OT1/ptm/b/n' tried instead on input line 1090.
LaTeX Font Info:    Font shape `OT1/ptm/bx/it' in size <11> not available
(Font)              Font shape `OT1/ptm/b/it' tried instead on input line 1090.

LaTeX Font Info:    Font shape `OT1/ptm/bx/n' in size <12> not available
(Font)              Font shape `OT1/ptm/b/n' tried instead on input line 1090.
LaTeX Font Info:    Font shape `OT1/ptm/bx/it' in size <12> not available
(Font)              Font shape `OT1/ptm/b/it' tried instead on input line 1090.

LaTeX Font Info:    Font shape `OT1/ptm/bx/n' in size <17> not available
(Font)              Font shape `OT1/ptm/b/n' tried instead on input line 1090.
LaTeX Font Info:    Font shape `OT1/ptm/bx/it' in size <17> not available
(Font)              Font shape `OT1/ptm/b/it' tried instead on input line 1090.

LaTeX Font Info:    Font shape `OT1/ptm/bx/n' in size <20> not available
(Font)              Font shape `OT1/ptm/b/n' tried instead on input line 1090.
LaTeX Font Info:    Font shape `OT1/ptm/bx/it' in size <20> not available
(Font)              Font shape `OT1/ptm/b/it' tried instead on input line 1090.

LaTeX Font Info:    Font shape `OT1/ptm/bx/n' in size <24> not available
(Font)              Font shape `OT1/ptm/b/n' tried instead on input line 1090.
LaTeX Font Info:    Font shape `OT1/ptm/bx/it' in size <24> not available
(Font)              Font shape `OT1/ptm/b/it' tried instead on input line 1090.

\IEEEquantizedlength=\dimen141
\IEEEquantizedlengthdiff=\dimen142
\IEEEquantizedtextheightdiff=\dimen143
\IEEEilabelindentA=\dimen144
\IEEEilabelindentB=\dimen145
\IEEEilabelindent=\dimen146
\IEEEelabelindent=\dimen147
\IEEEdlabelindent=\dimen148
\IEEElabelindent=\dimen149
\IEEEiednormlabelsep=\dimen150
\IEEEiedmathlabelsep=\dimen151
\IEEEiedtopsep=\skip47
\c@section=\count170
\c@subsection=\count171
\c@subsubsection=\count172
\c@paragraph=\count173
\c@IEEEsubequation=\count174
\abovecaptionskip=\skip48
\belowcaptionskip=\skip49
\c@figure=\count175
\c@table=\count176
\@IEEEeqnnumcols=\count177
\@IEEEeqncolcnt=\count178
\@IEEEsubeqnnumrollback=\count179
\@IEEEquantizeheightA=\dimen152
\@IEEEquantizeheightB=\dimen153
\@IEEEquantizeheightC=\dimen154
\@IEEEquantizeprevdepth=\dimen155
\@IEEEquantizemultiple=\count180
\@IEEEquantizeboxA=\box45
\@IEEEtmpitemindent=\dimen156
\IEEEPARstartletwidth=\dimen157
\c@IEEEbiography=\count181
\@IEEEtranrubishbin=\box46
)
** ATTENTION: Overriding command lockouts (line 2).
(d:/PaperWritingTools/texlive/2020/texmf-dist/tex/latex/cite/cite.sty
LaTeX Info: Redefining \cite on input line 302.
LaTeX Info: Redefining \nocite on input line 332.
Package: cite 2015/02/27  v 5.5
)
(d:/PaperWritingTools/texlive/2020/texmf-dist/tex/latex/amsmath/amsmath.sty
Package: amsmath 2020/01/20 v2.17e AMS math features
\@mathmargin=\skip50

For additional information on amsmath, use the `?' option.
(d:/PaperWritingTools/texlive/2020/texmf-dist/tex/latex/amsmath/amstext.sty
Package: amstext 2000/06/29 v2.01 AMS text

(d:/PaperWritingTools/texlive/2020/texmf-dist/tex/latex/amsmath/amsgen.sty
File: amsgen.sty 1999/11/30 v2.0 generic functions
\@emptytoks=\toks16
\ex@=\dimen158
))
(d:/PaperWritingTools/texlive/2020/texmf-dist/tex/latex/amsmath/amsbsy.sty
Package: amsbsy 1999/11/29 v1.2d Bold Symbols
\pmbraise@=\dimen159
)
(d:/PaperWritingTools/texlive/2020/texmf-dist/tex/latex/amsmath/amsopn.sty
Package: amsopn 2016/03/08 v2.02 operator names
)
\inf@bad=\count182
LaTeX Info: Redefining \frac on input line 227.
\uproot@=\count183
\leftroot@=\count184
LaTeX Info: Redefining \overline on input line 389.
\classnum@=\count185
\DOTSCASE@=\count186
LaTeX Info: Redefining \ldots on input line 486.
LaTeX Info: Redefining \dots on input line 489.
LaTeX Info: Redefining \cdots on input line 610.
\Mathstrutbox@=\box47
\strutbox@=\box48
\big@size=\dimen160
LaTeX Font Info:    Redeclaring font encoding OML on input line 733.
LaTeX Font Info:    Redeclaring font encoding OMS on input line 734.
\macc@depth=\count187
\c@MaxMatrixCols=\count188
\dotsspace@=\muskip16
\c@parentequation=\count189
\dspbrk@lvl=\count190
\tag@help=\toks17
\row@=\count191
\column@=\count192
\maxfields@=\count193
\andhelp@=\toks18
\eqnshift@=\dimen161
\alignsep@=\dimen162
\tagshift@=\dimen163
\tagwidth@=\dimen164
\totwidth@=\dimen165
\lineht@=\dimen166
\@envbody=\toks19
\multlinegap=\skip51
\multlinetaggap=\skip52
\mathdisplay@stack=\toks20
LaTeX Info: Redefining \[ on input line 2859.
LaTeX Info: Redefining \] on input line 2860.
)
(d:/PaperWritingTools/texlive/2020/texmf-dist/tex/latex/amsfonts/amssymb.sty
Package: amssymb 2013/01/14 v3.01 AMS font symbols

(d:/PaperWritingTools/texlive/2020/texmf-dist/tex/latex/amsfonts/amsfonts.sty
Package: amsfonts 2013/01/14 v3.01 Basic AMSFonts support
\symAMSa=\mathgroup4
\symAMSb=\mathgroup5
LaTeX Font Info:    Redeclaring math symbol \hbar on input line 98.
LaTeX Font Info:    Overwriting math alphabet `\mathfrak' in version `bold'
(Font)                  U/euf/m/n --> U/euf/b/n on input line 106.
)) (d:/PaperWritingTools/texlive/2020/texmf-dist/tex/latex/graphics/graphicx.st
y
Package: graphicx 2019/11/30 v1.2a Enhanced LaTeX Graphics (DPC,SPQR)

(d:/PaperWritingTools/texlive/2020/texmf-dist/tex/latex/graphics/keyval.sty
Package: keyval 2014/10/28 v1.15 key=value parser (DPC)
\KV@toks@=\toks21
)
(d:/PaperWritingTools/texlive/2020/texmf-dist/tex/latex/graphics/graphics.sty
Package: graphics 2019/11/30 v1.4a Standard LaTeX Graphics (DPC,SPQR)

(d:/PaperWritingTools/texlive/2020/texmf-dist/tex/latex/graphics/trig.sty
Package: trig 2016/01/03 v1.10 sin cos tan (DPC)
)
(d:/PaperWritingTools/texlive/2020/texmf-dist/tex/latex/graphics-cfg/graphics.c
fg
File: graphics.cfg 2016/06/04 v1.11 sample graphics configuration
)
Package graphics Info: Driver file: pdftex.def on input line 105.

(d:/PaperWritingTools/texlive/2020/texmf-dist/tex/latex/graphics-def/pdftex.def
File: pdftex.def 2018/01/08 v1.0l Graphics/color driver for pdftex
))
\Gin@req@height=\dimen167
\Gin@req@width=\dimen168
) (d:/PaperWritingTools/texlive/2020/texmf-dist/tex/latex/base/textcomp.sty
Package: textcomp 2020/02/02 v2.0n Standard LaTeX package
)
(d:/PaperWritingTools/texlive/2020/texmf-dist/tex/latex/xcolor/xcolor.sty
Package: xcolor 2016/05/11 v2.12 LaTeX color extensions (UK)

(d:/PaperWritingTools/texlive/2020/texmf-dist/tex/latex/graphics-cfg/color.cfg
File: color.cfg 2016/01/02 v1.6 sample color configuration
)
Package xcolor Info: Driver file: pdftex.def on input line 225.
Package xcolor Info: Model `cmy' substituted by `cmy0' on input line 1348.
Package xcolor Info: Model `hsb' substituted by `rgb' on input line 1352.
Package xcolor Info: Model `RGB' extended on input line 1364.
Package xcolor Info: Model `HTML' substituted by `rgb' on input line 1366.
Package xcolor Info: Model `Hsb' substituted by `hsb' on input line 1367.
Package xcolor Info: Model `tHsb' substituted by `hsb' on input line 1368.
Package xcolor Info: Model `HSB' substituted by `hsb' on input line 1369.
Package xcolor Info: Model `Gray' substituted by `gray' on input line 1370.
Package xcolor Info: Model `wave' substituted by `hsb' on input line 1371.
)
(d:/PaperWritingTools/texlive/2020/texmf-dist/tex/latex/subfigure/subfigure.sty
Package: subfigure 2002/03/15 v2.1.5 subfigure package
\subfigtopskip=\skip53
\subfigcapskip=\skip54
\subfigcaptopadj=\dimen169
\subfigbottomskip=\skip55
\subfigcapmargin=\dimen170
\subfiglabelskip=\skip56
\c@subfigure=\count194
\c@lofdepth=\count195
\c@subtable=\count196
\c@lotdepth=\count197
****************************************
* Local config file subfigure.cfg used *
****************************************

(d:/PaperWritingTools/texlive/2020/texmf-dist/tex/latex/subfigure/subfigure.cfg
)
\subfig@top=\skip57
\subfig@bottom=\skip58
)
(d:/PaperWritingTools/texlive/2020/texmf-dist/tex/latex/booktabs/booktabs.sty
Package: booktabs 2020/01/12 v1.61803398 Publication quality tables
\heavyrulewidth=\dimen171
\lightrulewidth=\dimen172
\cmidrulewidth=\dimen173
\belowrulesep=\dimen174
\belowbottomsep=\dimen175
\aboverulesep=\dimen176
\abovetopsep=\dimen177
\cmidrulesep=\dimen178
\cmidrulekern=\dimen179
\defaultaddspace=\dimen180
\@cmidla=\count198
\@cmidlb=\count199
\@aboverulesep=\dimen181
\@belowrulesep=\dimen182
\@thisruleclass=\count266
\@lastruleclass=\count267
\@thisrulewidth=\dimen183
)
(d:/PaperWritingTools/texlive/2020/texmf-dist/tex/latex/multirow/multirow.sty
Package: multirow 2019/05/31 v2.5 Span multiple rows of a table
\multirow@colwidth=\skip59
\multirow@cntb=\count268
\multirow@dima=\skip60
\bigstrutjot=\dimen184
)
(d:/PaperWritingTools/texlive/2020/texmf-dist/tex/latex/algorithm2e/algorithm2e
.sty
Package: algorithm2e 2017/07/18 v5.2 algorithms environments
\c@AlgoLine=\count269
 (d:/PaperWritingTools/texlive/2020/texmf-dist/tex/latex/base/ifthen.sty
Package: ifthen 2014/09/29 v1.1c Standard LaTeX ifthen package (DPC)
)
\algocf@hangindent=\skip61

(d:/PaperWritingTools/texlive/2020/texmf-dist/tex/latex/ifoddpage/ifoddpage.sty
Package: ifoddpage 2016/04/23 v1.1 Conditionals for odd/even page detection
\c@checkoddpage=\count270
) (d:/PaperWritingTools/texlive/2020/texmf-dist/tex/latex/tools/xspace.sty
Package: xspace 2014/10/28 v1.13 Space after command names (DPC,MH)
)
(d:/PaperWritingTools/texlive/2020/texmf-dist/tex/latex/relsize/relsize.sty
Package: relsize 2013/03/29 ver 4.1
)
\skiptotal=\skip62
\skiplinenumber=\skip63
\skiprule=\skip64
\skiphlne=\skip65
\skiptext=\skip66
\skiplength=\skip67
\algomargin=\skip68
\skipalgocfslide=\skip69
\algowidth=\dimen185
\inoutsize=\dimen186
\inoutindent=\dimen187
\interspacetitleruled=\dimen188
\interspacealgoruled=\dimen189
\interspacetitleboxruled=\dimen190
\algocf@ruledwidth=\skip70
\algocf@inoutbox=\box49
\algocf@inputbox=\box50
\AlCapSkip=\skip71
\AlCapHSkip=\skip72
\algoskipindent=\skip73
\algocf@nlbox=\box51
\algocf@hangingbox=\box52
\algocf@untilbox=\box53
\algocf@skipuntil=\skip74
\algocf@capbox=\box54
\algocf@lcaptionbox=\skip75
\algoheightruledefault=\skip76
\algoheightrule=\skip77
\algotitleheightruledefault=\skip78
\algotitleheightrule=\skip79
\c@algocfline=\count271
\c@algocfproc=\count272
\c@algocf=\count273
\algocf@algoframe=\box55
\algocf@algobox=\box56
)
(d:/PaperWritingTools/texlive/2020/texmf-dist/tex/latex/l3backend/l3backend-pdf
mode.def
File: l3backend-pdfmode.def 2020-03-12 L3 backend support: PDF mode
\l__kernel_color_stack_int=\count274
\l__pdf_internal_box=\box57
) (./Dpan.aux)
\openout1 = `Dpan.aux'.

LaTeX Font Info:    Checking defaults for OML/cmm/m/it on input line 15.
LaTeX Font Info:    ... okay on input line 15.
LaTeX Font Info:    Checking defaults for OMS/cmsy/m/n on input line 15.
LaTeX Font Info:    ... okay on input line 15.
LaTeX Font Info:    Checking defaults for OT1/cmr/m/n on input line 15.
LaTeX Font Info:    ... okay on input line 15.
LaTeX Font Info:    Checking defaults for T1/cmr/m/n on input line 15.
LaTeX Font Info:    ... okay on input line 15.
LaTeX Font Info:    Checking defaults for TS1/cmr/m/n on input line 15.
LaTeX Font Info:    ... okay on input line 15.
LaTeX Font Info:    Checking defaults for OMX/cmex/m/n on input line 15.
LaTeX Font Info:    ... okay on input line 15.
LaTeX Font Info:    Checking defaults for U/cmr/m/n on input line 15.
LaTeX Font Info:    ... okay on input line 15.

-- Lines per column: 56 (exact).

(d:/PaperWritingTools/texlive/2020/texmf-dist/tex/context/base/mkii/supp-pdf.mk
ii
[Loading MPS to PDF converter (version 2006.09.02).]
\scratchcounter=\count275
\scratchdimen=\dimen191
\scratchbox=\box58
\nofMPsegments=\count276
\nofMParguments=\count277
\everyMPshowfont=\toks22
\MPscratchCnt=\count278
\MPscratchDim=\dimen192
\MPnumerator=\count279
\makeMPintoPDFobject=\count280
\everyMPtoPDFconversion=\toks23
)
(d:/PaperWritingTools/texlive/2020/texmf-dist/tex/latex/epstopdf-pkg/epstopdf-b
ase.sty
Package: epstopdf-base 2020-01-24 v2.11 Base part for package epstopdf
Package epstopdf-base Info: Redefining graphics rule for `.eps' on input line 4
85.

(d:/PaperWritingTools/texlive/2020/texmf-dist/tex/latex/latexconfig/epstopdf-sy
s.cfg
File: epstopdf-sys.cfg 2010/07/13 v1.3 Configuration of (r)epstopdf for TeX Liv
e
))
LaTeX Font Info:    Calculating math sizes for size <11> on input line 62.
LaTeX Font Info:    Trying to load font information for U+msa on input line 62.


(d:/PaperWritingTools/texlive/2020/texmf-dist/tex/latex/amsfonts/umsa.fd
File: umsa.fd 2013/01/14 v3.01 AMS symbols A
)
LaTeX Font Info:    Trying to load font information for U+msb on input line 62.


(d:/PaperWritingTools/texlive/2020/texmf-dist/tex/latex/amsfonts/umsb.fd
File: umsb.fd 2013/01/14 v3.01 AMS symbols B
)
[1{d:/PaperWritingTools/texlive/2020/texmf-var/fonts/map/pdftex/updmap/pdftex.m
ap}


]
<figure/systemArchitecture.png, id=11, 963.6pt x 542.025pt>
File: figure/systemArchitecture.png Graphic file (type png)
<use figure/systemArchitecture.png>
Package pdftex.def Info: figure/systemArchitecture.png  used on input line 94.
(pdftex.def)             Requested size: 247.6778pt x 139.31866pt.
<figure/cameraCoverage.png, id=13, 526.96875pt x 301.125pt>
File: figure/cameraCoverage.png Graphic file (type png)
<use figure/cameraCoverage.png>
Package pdftex.def Info: figure/cameraCoverage.png  used on input line 119.
(pdftex.def)             Requested size: 72.23969pt x 41.2796pt.
<figure/vehicle.JPG, id=14, 702.625pt x 401.5pt>
File: figure/vehicle.JPG Graphic file (type jpg)
<use figure/vehicle.JPG>
Package pdftex.def Info: figure/vehicle.JPG  used on input line 122.
(pdftex.def)             Requested size: 72.23969pt x 41.2796pt.
<figure/coloresVehicle.jpg, id=15, 702.625pt x 401.5pt>
File: figure/coloresVehicle.jpg Graphic file (type jpg)
<use figure/coloresVehicle.jpg>
Package pdftex.def Info: figure/coloresVehicle.jpg  used on input line 125.
(pdftex.def)             Requested size: 72.23969pt x 41.2796pt.
 [2 <./figure/systemArchitecture.png> <./figure/cameraCoverage.png> <./figure/v
ehicle.JPG> <./figure/coloresVehicle.jpg>]
<figure/bicyclemodel.png, id=21, 197.98969pt x 237.13594pt>
File: figure/bicyclemodel.png Graphic file (type png)
<use figure/bicyclemodel.png>
Package pdftex.def Info: figure/bicyclemodel.png  used on input line 172.
(pdftex.def)             Requested size: 98.9946pt x 118.56767pt.
<figure/mappingVehicle.png, id=22, 301.125pt x 225.84375pt>
File: figure/mappingVehicle.png Graphic file (type png)
<use figure/mappingVehicle.png>
Package pdftex.def Info: figure/mappingVehicle.png  used on input line 206.
(pdftex.def)             Requested size: 116.10315pt x 87.07933pt.
<figure/cloudVehicle.png, id=23, 301.125pt x 225.84375pt>
File: figure/cloudVehicle.png Graphic file (type png)
<use figure/cloudVehicle.png>
Package pdftex.def Info: figure/cloudVehicle.png  used on input line 209.
(pdftex.def)             Requested size: 116.10315pt x 87.07933pt.
<figure/physicalglobalView.png, id=24, 702.625pt x 501.875pt>
File: figure/physicalglobalView.png Graphic file (type png)
<use figure/physicalglobalView.png>
Package pdftex.def Info: figure/physicalglobalView.png  used on input line 220.

(pdftex.def)             Requested size: 116.10315pt x 82.92831pt.
<figure/cyberglobalView.png, id=25, 526.96875pt x 376.40625pt>
File: figure/cyberglobalView.png Graphic file (type png)
<use figure/cyberglobalView.png>
Package pdftex.def Info: figure/cyberglobalView.png  used on input line 223.
(pdftex.def)             Requested size: 116.10315pt x 82.93024pt.
<figure/hololens.png, id=26, 526.96875pt x 376.40625pt>
File: figure/hololens.png Graphic file (type png)
<use figure/hololens.png>
Package pdftex.def Info: figure/hololens.png  used on input line 235.
(pdftex.def)             Requested size: 77.39685pt x 55.28108pt.
<figure/drivingSimulator.jpg, id=27, 526.96875pt x 376.40625pt>
File: figure/drivingSimulator.jpg Graphic file (type jpg)
<use figure/drivingSimulator.jpg>
Package pdftex.def Info: figure/drivingSimulator.jpg  used on input line 238.
(pdftex.def)             Requested size: 77.39685pt x 55.28108pt.
<figure/osd.png, id=28, 526.96875pt x 376.40625pt>
File: figure/osd.png Graphic file (type png)
<use figure/osd.png>
Package pdftex.def Info: figure/osd.png  used on input line 241.
(pdftex.def)             Requested size: 77.39685pt x 55.28108pt.
 [3 <./figure/bicyclemodel.png> <./figure/mappingVehicle.png> <./figure/cloudVe
hicle.png> <./figure/physicalglobalView.png> <./figure/cyberglobalView.png>]

LaTeX Warning: Reference `fig:closeLoopWaypoints' on page 4 undefined on input 
line 255.


Overfull \hbox (14.57056pt too wide) in alignment at lines 286--294
 [][][] []
 []

<figure/nodes.png, id=43, 769.9164pt x 429.2838pt>
File: figure/nodes.png Graphic file (type png)
<use figure/nodes.png>
Package pdftex.def Info: figure/nodes.png  used on input line 297.
(pdftex.def)             Requested size: 247.6778pt x 138.09415pt.
[4 <./figure/hololens.png> <./figure/drivingSimulator.jpg> <./figure/osd.png>]
<figure/platoonManagement.png, id=53, 930.3558pt x 489.027pt>
File: figure/platoonManagement.png Graphic file (type png)
<use figure/platoonManagement.png>
Package pdftex.def Info: figure/platoonManagement.png  used on input line 310.
(pdftex.def)             Requested size: 247.6778pt x 130.18848pt.


LaTeX Warning: Reference `fig:scenario' on page 5 undefined on input line 316.

<figure/algExplain.png, id=54, 271.2534pt x 103.1052pt>
File: figure/algExplain.png Graphic file (type png)
<use figure/algExplain.png>
Package pdftex.def Info: figure/algExplain.png  used on input line 328.
(pdftex.def)             Requested size: 232.19843pt x 88.25967pt.

LaTeX Warning: Command \textgreater invalid in math mode on input line 351.

LaTeX Font Info:    Trying to load font information for OML+ptm on input line 3
51.
(d:/PaperWritingTools/texlive/2020/texmf-dist/tex/latex/psnfss/omlptm.fd
File: omlptm.fd 
)
LaTeX Font Info:    Font shape `OML/ptm/m/it' in size <10> not available
(Font)              Font shape `OML/cmm/m/it' tried instead on input line 351.


LaTeX Warning: Command \textgreater invalid in math mode on input line 351.

<figure/workstation.jpg, id=55, 1689.31125pt x 1013.7875pt>
File: figure/workstation.jpg Graphic file (type jpg)
<use figure/workstation.jpg>
Package pdftex.def Info: figure/workstation.jpg  used on input line 357.
(pdftex.def)             Requested size: 165.12378pt x 99.07979pt.
<figure/waypointResult.png, id=56, 1119.43219pt x 622.57594pt>
File: figure/waypointResult.png Graphic file (type png)
<use figure/waypointResult.png>
Package pdftex.def Info: figure/waypointResult.png  used on input line 360.
(pdftex.def)             Requested size: 165.12378pt x 91.8339pt.
<figure/topology.png, id=57, 578.6418pt x 200.4288pt>
File: figure/topology.png Graphic file (type png)
<use figure/topology.png>
Package pdftex.def Info: figure/topology.png  used on input line 363.
(pdftex.def)             Requested size: 165.12378pt x 57.1962pt.

LaTeX Warning: Reference `fig:systemTopology' on page 5 undefined on input line
 369.

LaTeX Font Info:    Trying to load font information for OMS+ptm on input line 3
74.
(d:/PaperWritingTools/texlive/2020/texmf-dist/tex/latex/psnfss/omsptm.fd
File: omsptm.fd 
)
LaTeX Font Info:    Font shape `OMS/ptm/m/n' in size <8> not available
(Font)              Font shape `OMS/cmsy/m/n' tried instead on input line 374.

[5 <./figure/nodes.png> <./figure/platoonManagement.png> <./figure/algExplain.p
ng>]
<figure/obstacleAvoidance.png, id=65, 351.714pt x 132.495pt>
File: figure/obstacleAvoidance.png Graphic file (type png)
<use figure/obstacleAvoidance.png>
Package pdftex.def Info: figure/obstacleAvoidance.png  used on input line 386.
(pdftex.def)             Requested size: 232.19843pt x 87.47324pt.


LaTeX Warning: Reference `subsec:simulationresults' on page 6 undefined on inpu
t line 391.


LaTeX Warning: Reference `spacingHeadway' on page 6 undefined on input line 391
.


LaTeX Warning: Reference `speedCurve' on page 6 undefined on input line 391.

[6 <./figure/workstation.jpg> <./figure/waypointResult.png> <./figure/topology.
png> <./figure/obstacleAvoidance.png>]

** Conference Paper **
Before submitting the final camera ready copy, remember to:

 1. Manually equalize the lengths of two columns on the last page
 of your paper;

 2. Ensure that any PostScript and/or PDF output post-processing
 uses only Type 1 fonts and that every step in the generation
 process uses the appropriate paper size.

[7

] (./Dpan.aux)

LaTeX Warning: There were undefined references.

 ) 
Here is how much of TeX's memory you used:
 5188 strings out of 480608
 78818 string characters out of 5898698
 336673 words of memory out of 5000000
 20995 multiletter control sequences out of 15000+600000
 577554 words of font info for 113 fonts, out of 8000000 for 9000
 1141 hyphenation exceptions out of 8191
 37i,25n,41p,1324b,542s stack positions out of 5000i,500n,10000p,200000b,80000s
{d:/PaperWritingTools/texlive/2020/texmf-dist/fonts/enc/dvips/base/8r.enc}<d:
/PaperWritingTools/texlive/2020/texmf-dist/fonts/type1/public/amsfonts/cm/cmex1
0.pfb><d:/PaperWritingTools/texlive/2020/texmf-dist/fonts/type1/public/amsfonts
/cm/cmmi10.pfb><d:/PaperWritingTools/texlive/2020/texmf-dist/fonts/type1/public
/amsfonts/cm/cmmi5.pfb><d:/PaperWritingTools/texlive/2020/texmf-dist/fonts/type
1/public/amsfonts/cm/cmmi6.pfb><d:/PaperWritingTools/texlive/2020/texmf-dist/fo
nts/type1/public/amsfonts/cm/cmmi7.pfb><d:/PaperWritingTools/texlive/2020/texmf
-dist/fonts/type1/public/amsfonts/cm/cmmi8.pfb><d:/PaperWritingTools/texlive/20
20/texmf-dist/fonts/type1/public/amsfonts/cm/cmr10.pfb><d:/PaperWritingTools/te
xlive/2020/texmf-dist/fonts/type1/public/amsfonts/cm/cmr5.pfb><d:/PaperWritingT
ools/texlive/2020/texmf-dist/fonts/type1/public/amsfonts/cm/cmr6.pfb><d:/PaperW
ritingTools/texlive/2020/texmf-dist/fonts/type1/public/amsfonts/cm/cmr7.pfb><d:
/PaperWritingTools/texlive/2020/texmf-dist/fonts/type1/public/amsfonts/cm/cmr8.
pfb><d:/PaperWritingTools/texlive/2020/texmf-dist/fonts/type1/public/amsfonts/c
m/cmsy10.pfb><d:/PaperWritingTools/texlive/2020/texmf-dist/fonts/type1/public/a
msfonts/cm/cmsy7.pfb><d:/PaperWritingTools/texlive/2020/texmf-dist/fonts/type1/
public/amsfonts/cm/cmsy8.pfb><d:/PaperWritingTools/texlive/2020/texmf-dist/font
s/type1/urw/times/utmb8a.pfb><d:/PaperWritingTools/texlive/2020/texmf-dist/font
s/type1/urw/times/utmbi8a.pfb><d:/PaperWritingTools/texlive/2020/texmf-dist/fon
ts/type1/urw/times/utmr8a.pfb><d:/PaperWritingTools/texlive/2020/texmf-dist/fon
ts/type1/urw/times/utmri8a.pfb>
Output written on Dpan.pdf (7 pages, 3160894 bytes).
PDF statistics:
 134 PDF objects out of 1000 (max. 8388607)
 74 compressed objects within 1 object stream
 0 named destinations out of 1000 (max. 500000)
 96 words of extra memory for PDF output out of 10000 (max. 10000000)

